#! /usr/bin/vvp
:ivl_version "12.0 (stable)";
:ivl_delay_selection "TYPICAL";
:vpi_time_precision + 0;
:vpi_module "/usr/lib64/ivl/system.vpi";
:vpi_module "/usr/lib64/ivl/vhdl_sys.vpi";
:vpi_module "/usr/lib64/ivl/vhdl_textio.vpi";
:vpi_module "/usr/lib64/ivl/v2005_math.vpi";
:vpi_module "/usr/lib64/ivl/va_math.vpi";
S_0x556f932107d0 .scope module, "fpu" "fpu" 2 1;
 .timescale 0 0;
    .port_info 0 /INPUT 1 "i_clk";
    .port_info 1 /INPUT 1 "i_rst_n";
    .port_info 2 /INPUT 32 "i_data_a";
    .port_info 3 /INPUT 32 "i_data_b";
    .port_info 4 /INPUT 1 "i_inst";
    .port_info 5 /INPUT 1 "i_valid";
    .port_info 6 /OUTPUT 32 "o_data";
    .port_info 7 /OUTPUT 1 "o_valid";
P_0x556f93234650 .param/l "DATA_WIDTH" 0 2 2, +C4<00000000000000000000000000100000>;
P_0x556f93234690 .param/l "INST_WIDTH" 0 2 3, +C4<00000000000000000000000000000001>;
v0x556f93234c30_0 .net "G", 0 0, L_0x556f93258f20;  1 drivers
v0x556f93222fe0_0 .net "G_m", 0 0, L_0x556f93259010;  1 drivers
v0x556f93218ae0_0 .net "L", 0 0, L_0x556f93258e80;  1 drivers
v0x556f93254ce0_0 .net "L_m", 0 0, L_0x556f932593d0;  1 drivers
v0x556f93254da0_0 .net "R", 0 0, L_0x556f932590b0;  1 drivers
v0x556f93254eb0_0 .net "R_m", 0 0, L_0x556f93259300;  1 drivers
v0x556f93254f70_0 .net "S", 0 0, L_0x556f93259150;  1 drivers
v0x556f93255030_0 .net "S_m", 0 0, L_0x556f93259490;  1 drivers
v0x556f932550f0_0 .net *"_ivl_11", 22 0, L_0x556f93257eb0;  1 drivers
v0x556f932551d0_0 .net *"_ivl_12", 23 0, L_0x556f93257f80;  1 drivers
L_0x7f9d6b5620a8 .functor BUFT 1, C4<1>, C4<0>, C4<0>, C4<0>;
v0x556f932552b0_0 .net/2u *"_ivl_14", 0 0, L_0x7f9d6b5620a8;  1 drivers
v0x556f93255390_0 .net *"_ivl_17", 22 0, L_0x556f932580c0;  1 drivers
v0x556f93255470_0 .net *"_ivl_18", 23 0, L_0x556f932581d0;  1 drivers
L_0x7f9d6b5620f0 .functor BUFT 1, C4<00000000>, C4<0>, C4<0>, C4<0>;
v0x556f93255550_0 .net/2u *"_ivl_26", 7 0, L_0x7f9d6b5620f0;  1 drivers
v0x556f93255630_0 .net *"_ivl_28", 0 0, L_0x556f93258690;  1 drivers
L_0x7f9d6b562138 .functor BUFT 1, C4<0>, C4<0>, C4<0>, C4<0>;
v0x556f932556f0_0 .net/2u *"_ivl_30", 0 0, L_0x7f9d6b562138;  1 drivers
v0x556f932557d0_0 .net *"_ivl_33", 22 0, L_0x556f932587d0;  1 drivers
v0x556f932558b0_0 .net *"_ivl_34", 23 0, L_0x556f932588e0;  1 drivers
L_0x7f9d6b562180 .functor BUFT 1, C4<1>, C4<0>, C4<0>, C4<0>;
v0x556f93255990_0 .net/2u *"_ivl_36", 0 0, L_0x7f9d6b562180;  1 drivers
v0x556f93255a70_0 .net *"_ivl_39", 22 0, L_0x556f93258a20;  1 drivers
L_0x7f9d6b562018 .functor BUFT 1, C4<00000000>, C4<0>, C4<0>, C4<0>;
v0x556f93255b50_0 .net/2u *"_ivl_4", 7 0, L_0x7f9d6b562018;  1 drivers
v0x556f93255c30_0 .net *"_ivl_40", 23 0, L_0x556f93258b40;  1 drivers
v0x556f93255d10_0 .net *"_ivl_57", 20 0, L_0x556f932591f0;  1 drivers
v0x556f93255df0_0 .net *"_ivl_6", 0 0, L_0x556f93257d70;  1 drivers
L_0x7f9d6b562060 .functor BUFT 1, C4<0>, C4<0>, C4<0>, C4<0>;
v0x556f93255eb0_0 .net/2u *"_ivl_8", 0 0, L_0x7f9d6b562060;  1 drivers
v0x556f93255f90_0 .var "add_exp", 7 0;
v0x556f93256070_0 .var "answer_wire", 31 0;
v0x556f93256150_0 .var "diff", 7 0;
v0x556f93256230_0 .var "e_final", 7 0;
v0x556f93256310_0 .net "exp_a", 7 0, L_0x556f93257c80;  1 drivers
v0x556f932563f0_0 .net "exp_b", 7 0, L_0x556f93258540;  1 drivers
v0x556f932564d0_0 .var "final_exp", 7 0;
v0x556f932565b0_0 .var/i "i", 31 0;
o0x7f9d6b5ab648 .functor BUFZ 1, C4<z>; HiZ drive
v0x556f932568a0_0 .net "i_clk", 0 0, o0x7f9d6b5ab648;  0 drivers
o0x7f9d6b5ab678 .functor BUFZ 32, C4<zzzzzzzzzzzzzzzzzzzzzzzzzzzzzzzz>; HiZ drive
v0x556f93256960_0 .net "i_data_a", 31 0, o0x7f9d6b5ab678;  0 drivers
o0x7f9d6b5ab6a8 .functor BUFZ 32, C4<zzzzzzzzzzzzzzzzzzzzzzzzzzzzzzzz>; HiZ drive
v0x556f93256a40_0 .net "i_data_b", 31 0, o0x7f9d6b5ab6a8;  0 drivers
o0x7f9d6b5ab6d8 .functor BUFZ 1, C4<z>; HiZ drive
v0x556f93256b20_0 .net "i_inst", 0 0, o0x7f9d6b5ab6d8;  0 drivers
o0x7f9d6b5ab708 .functor BUFZ 1, C4<z>; HiZ drive
v0x556f93256c00_0 .net "i_rst_n", 0 0, o0x7f9d6b5ab708;  0 drivers
o0x7f9d6b5ab738 .functor BUFZ 1, C4<z>; HiZ drive
v0x556f93256cc0_0 .net "i_valid", 0 0, o0x7f9d6b5ab738;  0 drivers
v0x556f93256d80_0 .var "m_a", 27 0;
v0x556f93256e60_0 .var "m_b", 27 0;
v0x556f93256f40_0 .var "m_rounded", 22 0;
v0x556f93257020_0 .var "m_sum", 27 0;
v0x556f93257100_0 .var "m_temp", 27 0;
v0x556f932571e0_0 .net "mant_a", 23 0, L_0x556f932582c0;  1 drivers
v0x556f932572c0_0 .net "mant_b", 23 0, L_0x556f93258c60;  1 drivers
v0x556f932573a0_0 .var "mul_exp", 8 0;
v0x556f93257480_0 .var "mul_product", 47 0;
v0x556f93257560_0 .var "mul_sign", 0 0;
v0x556f93257620_0 .var "o_data", 31 0;
v0x556f93257700_0 .var "o_valid", 0 0;
v0x556f932577c0_0 .var "res_sign", 0 0;
v0x556f93257880_0 .var "rounded_mant", 22 0;
v0x556f93257960_0 .net "sign_a", 0 0, L_0x556f93257be0;  1 drivers
v0x556f93257a20_0 .net "sign_b", 0 0, L_0x556f932584a0;  1 drivers
E_0x556f9321f640/0 .event negedge, v0x556f93256c00_0;
E_0x556f9321f640/1 .event posedge, v0x556f932568a0_0;
E_0x556f9321f640 .event/or E_0x556f9321f640/0, E_0x556f9321f640/1;
E_0x556f9321af80/0 .event anyedge, v0x556f93256b20_0, v0x556f93256310_0, v0x556f932563f0_0, v0x556f932571e0_0;
E_0x556f9321af80/1 .event anyedge, v0x556f932572c0_0, v0x556f93257100_0, v0x556f93256150_0, v0x556f93256e60_0;
E_0x556f9321af80/2 .event anyedge, v0x556f93256d80_0, v0x556f93257960_0, v0x556f93257a20_0, v0x556f93257020_0;
E_0x556f9321af80/3 .event anyedge, v0x556f93255f90_0, v0x556f93234c30_0, v0x556f93254da0_0, v0x556f93254f70_0;
E_0x556f9321af80/4 .event anyedge, v0x556f93218ae0_0, v0x556f932564d0_0, v0x556f932577c0_0, v0x556f93257880_0;
E_0x556f9321af80/5 .event anyedge, v0x556f93257480_0, v0x556f932573a0_0, v0x556f93222fe0_0, v0x556f93254eb0_0;
E_0x556f9321af80/6 .event anyedge, v0x556f93255030_0, v0x556f93254ce0_0, v0x556f93256230_0, v0x556f93257560_0;
E_0x556f9321af80/7 .event anyedge, v0x556f93256f40_0;
E_0x556f9321af80 .event/or E_0x556f9321af80/0, E_0x556f9321af80/1, E_0x556f9321af80/2, E_0x556f9321af80/3, E_0x556f9321af80/4, E_0x556f9321af80/5, E_0x556f9321af80/6, E_0x556f9321af80/7;
L_0x556f93257be0 .part o0x7f9d6b5ab678, 31, 1;
L_0x556f93257c80 .part o0x7f9d6b5ab678, 23, 8;
L_0x556f93257d70 .cmp/eq 8, L_0x556f93257c80, L_0x7f9d6b562018;
L_0x556f93257eb0 .part o0x7f9d6b5ab678, 0, 23;
L_0x556f93257f80 .concat [ 23 1 0 0], L_0x556f93257eb0, L_0x7f9d6b562060;
L_0x556f932580c0 .part o0x7f9d6b5ab678, 0, 23;
L_0x556f932581d0 .concat [ 23 1 0 0], L_0x556f932580c0, L_0x7f9d6b5620a8;
L_0x556f932582c0 .functor MUXZ 24, L_0x556f932581d0, L_0x556f93257f80, L_0x556f93257d70, C4<>;
L_0x556f932584a0 .part o0x7f9d6b5ab6a8, 31, 1;
L_0x556f93258540 .part o0x7f9d6b5ab6a8, 23, 8;
L_0x556f93258690 .cmp/eq 8, L_0x556f93258540, L_0x7f9d6b5620f0;
L_0x556f932587d0 .part o0x7f9d6b5ab6a8, 0, 23;
L_0x556f932588e0 .concat [ 23 1 0 0], L_0x556f932587d0, L_0x7f9d6b562138;
L_0x556f93258a20 .part o0x7f9d6b5ab6a8, 0, 23;
L_0x556f93258b40 .concat [ 23 1 0 0], L_0x556f93258a20, L_0x7f9d6b562180;
L_0x556f93258c60 .functor MUXZ 24, L_0x556f93258b40, L_0x556f932588e0, L_0x556f93258690, C4<>;
L_0x556f93258e80 .part v0x556f93257020_0, 3, 1;
L_0x556f93258f20 .part v0x556f93257020_0, 2, 1;
L_0x556f932590b0 .part v0x556f93257020_0, 1, 1;
L_0x556f93259150 .part v0x556f93257020_0, 0, 1;
L_0x556f93259010 .part v0x556f93257480_0, 22, 1;
L_0x556f93259300 .part v0x556f93257480_0, 21, 1;
L_0x556f932591f0 .part v0x556f93257480_0, 0, 21;
L_0x556f93259490 .reduce/or L_0x556f932591f0;
L_0x556f932593d0 .part v0x556f93257480_0, 23, 1;
    .scope S_0x556f932107d0;
T_0 ;
    %wait E_0x556f9321af80;
    %pushi/vec4 0, 0, 32;
    %store/vec4 v0x556f93256070_0, 0, 32;
    %load/vec4 v0x556f93256b20_0;
    %dup/vec4;
    %pushi/vec4 0, 0, 1;
    %cmp/u;
    %jmp/1 T_0.0, 6;
    %dup/vec4;
    %pushi/vec4 1, 0, 1;
    %cmp/u;
    %jmp/1 T_0.1, 6;
    %jmp T_0.2;
T_0.0 ;
    %load/vec4 v0x556f932563f0_0;
    %load/vec4 v0x556f93256310_0;
    %cmp/u;
    %jmp/0xz  T_0.3, 5;
    %load/vec4 v0x556f93256310_0;
    %store/vec4 v0x556f93255f90_0, 0, 8;
    %load/vec4 v0x556f93256310_0;
    %load/vec4 v0x556f932563f0_0;
    %sub;
    %store/vec4 v0x556f93256150_0, 0, 8;
    %pushi/vec4 0, 0, 1;
    %load/vec4 v0x556f932571e0_0;
    %concat/vec4; draw_concat_vec4
    %concati/vec4 0, 0, 3;
    %store/vec4 v0x556f93256d80_0, 0, 28;
    %pushi/vec4 0, 0, 1;
    %load/vec4 v0x556f932572c0_0;
    %concat/vec4; draw_concat_vec4
    %concati/vec4 0, 0, 3;
    %store/vec4 v0x556f93257100_0, 0, 28;
    %load/vec4 v0x556f93257100_0;
    %ix/getv 4, v0x556f93256150_0;
    %shiftr 4;
    %store/vec4 v0x556f93256e60_0, 0, 28;
    %load/vec4 v0x556f93256e60_0;
    %parti/s 1, 0, 2;
    %load/vec4 v0x556f93257100_0;
    %pad/u 32;
    %pushi/vec4 1, 0, 32;
    %ix/getv 4, v0x556f93256150_0;
    %shiftl 4;
    %subi 1, 0, 32;
    %and;
    %or/r;
    %or;
    %ix/load 4, 0, 0;
    %flag_set/imm 4, 0;
    %store/vec4 v0x556f93256e60_0, 4, 1;
    %jmp T_0.4;
T_0.3 ;
    %load/vec4 v0x556f932563f0_0;
    %store/vec4 v0x556f93255f90_0, 0, 8;
    %load/vec4 v0x556f932563f0_0;
    %load/vec4 v0x556f93256310_0;
    %sub;
    %store/vec4 v0x556f93256150_0, 0, 8;
    %pushi/vec4 0, 0, 1;
    %load/vec4 v0x556f932572c0_0;
    %concat/vec4; draw_concat_vec4
    %concati/vec4 0, 0, 3;
    %store/vec4 v0x556f93256e60_0, 0, 28;
    %pushi/vec4 0, 0, 1;
    %load/vec4 v0x556f932571e0_0;
    %concat/vec4; draw_concat_vec4
    %concati/vec4 0, 0, 3;
    %store/vec4 v0x556f93257100_0, 0, 28;
    %load/vec4 v0x556f93257100_0;
    %ix/getv 4, v0x556f93256150_0;
    %shiftr 4;
    %store/vec4 v0x556f93256d80_0, 0, 28;
    %load/vec4 v0x556f93256d80_0;
    %parti/s 1, 0, 2;
    %load/vec4 v0x556f93257100_0;
    %pad/u 32;
    %pushi/vec4 1, 0, 32;
    %ix/getv 4, v0x556f93256150_0;
    %shiftl 4;
    %subi 1, 0, 32;
    %and;
    %or/r;
    %or;
    %ix/load 4, 0, 0;
    %flag_set/imm 4, 0;
    %store/vec4 v0x556f93256d80_0, 4, 1;
T_0.4 ;
    %load/vec4 v0x556f93257960_0;
    %load/vec4 v0x556f93257a20_0;
    %cmp/e;
    %jmp/0xz  T_0.5, 4;
    %load/vec4 v0x556f93256d80_0;
    %load/vec4 v0x556f93256e60_0;
    %add;
    %store/vec4 v0x556f93257020_0, 0, 28;
    %load/vec4 v0x556f93257960_0;
    %store/vec4 v0x556f932577c0_0, 0, 1;
    %jmp T_0.6;
T_0.5 ;
    %load/vec4 v0x556f93256e60_0;
    %load/vec4 v0x556f93256d80_0;
    %cmp/u;
    %flag_or 5, 4;
    %jmp/0xz  T_0.7, 5;
    %load/vec4 v0x556f93256d80_0;
    %load/vec4 v0x556f93256e60_0;
    %sub;
    %store/vec4 v0x556f93257020_0, 0, 28;
    %load/vec4 v0x556f93257960_0;
    %store/vec4 v0x556f932577c0_0, 0, 1;
    %jmp T_0.8;
T_0.7 ;
    %load/vec4 v0x556f93256e60_0;
    %load/vec4 v0x556f93256d80_0;
    %sub;
    %store/vec4 v0x556f93257020_0, 0, 28;
    %load/vec4 v0x556f93257a20_0;
    %store/vec4 v0x556f932577c0_0, 0, 1;
T_0.8 ;
T_0.6 ;
    %load/vec4 v0x556f93257020_0;
    %parti/s 1, 27, 6;
    %flag_set/vec4 8;
    %jmp/0xz  T_0.9, 8;
    %load/vec4 v0x556f93257020_0;
    %ix/load 4, 1, 0;
    %flag_set/imm 4, 0;
    %shiftr 4;
    %store/vec4 v0x556f93257020_0, 0, 28;
    %load/vec4 v0x556f93255f90_0;
    %addi 1, 0, 8;
    %store/vec4 v0x556f93255f90_0, 0, 8;
    %jmp T_0.10;
T_0.9 ;
    %load/vec4 v0x556f93257020_0;
    %pad/u 32;
    %cmpi/ne 0, 0, 32;
    %jmp/0xz  T_0.11, 4;
    %pushi/vec4 0, 0, 32;
    %store/vec4 v0x556f932565b0_0, 0, 32;
T_0.13 ;
    %load/vec4 v0x556f932565b0_0;
    %cmpi/s 27, 0, 32;
    %jmp/0xz T_0.14, 5;
    %load/vec4 v0x556f93257020_0;
    %parti/s 1, 26, 6;
    %pad/u 32;
    %cmpi/e 0, 0, 32;
    %flag_get/vec4 4;
    %jmp/0 T_0.17, 4;
    %pushi/vec4 0, 0, 32;
    %load/vec4 v0x556f93255f90_0;
    %pad/u 32;
    %cmp/u;
    %flag_get/vec4 5;
    %and;
T_0.17;
    %flag_set/vec4 8;
    %jmp/0xz  T_0.15, 8;
    %load/vec4 v0x556f93257020_0;
    %ix/load 4, 1, 0;
    %flag_set/imm 4, 0;
    %shiftl 4;
    %store/vec4 v0x556f93257020_0, 0, 28;
    %load/vec4 v0x556f93255f90_0;
    %subi 1, 0, 8;
    %store/vec4 v0x556f93255f90_0, 0, 8;
T_0.15 ;
    %load/vec4 v0x556f932565b0_0;
    %addi 1, 0, 32;
    %store/vec4 v0x556f932565b0_0, 0, 32;
    %jmp T_0.13;
T_0.14 ;
T_0.11 ;
T_0.10 ;
    %load/vec4 v0x556f93257020_0;
    %cmpi/e 0, 0, 28;
    %jmp/0xz  T_0.18, 4;
    %pushi/vec4 0, 0, 32;
    %store/vec4 v0x556f93256070_0, 0, 32;
    %jmp T_0.19;
T_0.18 ;
    %load/vec4 v0x556f93255f90_0;
    %store/vec4 v0x556f932564d0_0, 0, 8;
    %load/vec4 v0x556f93234c30_0;
    %flag_set/vec4 9;
    %flag_get/vec4 9;
    %jmp/0 T_0.22, 9;
    %load/vec4 v0x556f93254da0_0;
    %flag_set/vec4 9;
    %jmp/1 T_0.24, 9;
    %load/vec4 v0x556f93254f70_0;
    %flag_set/vec4 10;
    %flag_or 9, 10;
T_0.24;
    %flag_get/vec4 9;
    %jmp/1 T_0.23, 9;
    %load/vec4 v0x556f93218ae0_0;
    %or;
T_0.23;
    %and;
T_0.22;
    %flag_set/vec4 8;
    %jmp/0xz  T_0.20, 8;
    %load/vec4 v0x556f93257020_0;
    %parti/s 23, 3, 3;
    %pad/u 24;
    %addi 1, 0, 24;
    %split/vec4 23;
    %store/vec4 v0x556f93257880_0, 0, 23;
    %ix/load 4, 27, 0;
    %flag_set/imm 4, 0;
    %store/vec4 v0x556f93257020_0, 4, 1;
    %load/vec4 v0x556f93257020_0;
    %parti/s 1, 27, 6;
    %flag_set/vec4 8;
    %jmp/0xz  T_0.25, 8;
    %load/vec4 v0x556f932564d0_0;
    %addi 1, 0, 8;
    %store/vec4 v0x556f932564d0_0, 0, 8;
T_0.25 ;
    %jmp T_0.21;
T_0.20 ;
    %load/vec4 v0x556f93257020_0;
    %parti/s 23, 3, 3;
    %store/vec4 v0x556f93257880_0, 0, 23;
T_0.21 ;
    %load/vec4 v0x556f932577c0_0;
    %load/vec4 v0x556f932564d0_0;
    %concat/vec4; draw_concat_vec4
    %load/vec4 v0x556f93257880_0;
    %concat/vec4; draw_concat_vec4
    %store/vec4 v0x556f93256070_0, 0, 32;
T_0.19 ;
    %jmp T_0.2;
T_0.1 ;
    %load/vec4 v0x556f93256310_0;
    %cmpi/e 0, 0, 8;
    %jmp/1 T_0.29, 4;
    %flag_mov 8, 4;
    %load/vec4 v0x556f932563f0_0;
    %cmpi/e 0, 0, 8;
    %flag_or 4, 8;
T_0.29;
    %jmp/0xz  T_0.27, 4;
    %pushi/vec4 0, 0, 32;
    %store/vec4 v0x556f93256070_0, 0, 32;
    %jmp T_0.28;
T_0.27 ;
    %load/vec4 v0x556f93257960_0;
    %load/vec4 v0x556f93257a20_0;
    %xor;
    %store/vec4 v0x556f93257560_0, 0, 1;
    %load/vec4 v0x556f93256310_0;
    %pad/u 9;
    %load/vec4 v0x556f932563f0_0;
    %pad/u 9;
    %add;
    %subi 127, 0, 9;
    %store/vec4 v0x556f932573a0_0, 0, 9;
    %load/vec4 v0x556f932571e0_0;
    %pad/u 48;
    %load/vec4 v0x556f932572c0_0;
    %pad/u 48;
    %mul;
    %store/vec4 v0x556f93257480_0, 0, 48;
    %load/vec4 v0x556f93257480_0;
    %parti/s 1, 47, 7;
    %flag_set/vec4 8;
    %jmp/0xz  T_0.30, 8;
    %load/vec4 v0x556f93257480_0;
    %ix/load 4, 1, 0;
    %flag_set/imm 4, 0;
    %shiftr 4;
    %store/vec4 v0x556f93257480_0, 0, 48;
    %load/vec4 v0x556f932573a0_0;
    %addi 1, 0, 9;
    %store/vec4 v0x556f932573a0_0, 0, 9;
T_0.30 ;
    %load/vec4 v0x556f932573a0_0;
    %parti/s 8, 0, 2;
    %store/vec4 v0x556f93256230_0, 0, 8;
    %load/vec4 v0x556f93222fe0_0;
    %flag_set/vec4 9;
    %flag_get/vec4 9;
    %jmp/0 T_0.34, 9;
    %load/vec4 v0x556f93254eb0_0;
    %flag_set/vec4 9;
    %jmp/1 T_0.36, 9;
    %load/vec4 v0x556f93255030_0;
    %flag_set/vec4 10;
    %flag_or 9, 10;
T_0.36;
    %flag_get/vec4 9;
    %jmp/1 T_0.35, 9;
    %load/vec4 v0x556f93254ce0_0;
    %or;
T_0.35;
    %and;
T_0.34;
    %flag_set/vec4 8;
    %jmp/0xz  T_0.32, 8;
    %load/vec4 v0x556f93257480_0;
    %parti/s 23, 23, 6;
    %pad/u 24;
    %addi 1, 0, 24;
    %split/vec4 23;
    %store/vec4 v0x556f93256f40_0, 0, 23;
    %ix/load 4, 47, 0;
    %flag_set/imm 4, 0;
    %store/vec4 v0x556f93257480_0, 4, 1;
    %load/vec4 v0x556f93257480_0;
    %parti/s 1, 47, 7;
    %flag_set/vec4 8;
    %jmp/0xz  T_0.37, 8;
    %load/vec4 v0x556f93256230_0;
    %addi 1, 0, 8;
    %store/vec4 v0x556f93256230_0, 0, 8;
T_0.37 ;
    %jmp T_0.33;
T_0.32 ;
    %load/vec4 v0x556f93257480_0;
    %parti/s 23, 23, 6;
    %store/vec4 v0x556f93256f40_0, 0, 23;
T_0.33 ;
    %load/vec4 v0x556f93257560_0;
    %load/vec4 v0x556f93256230_0;
    %concat/vec4; draw_concat_vec4
    %load/vec4 v0x556f93256f40_0;
    %concat/vec4; draw_concat_vec4
    %store/vec4 v0x556f93256070_0, 0, 32;
T_0.28 ;
    %jmp T_0.2;
T_0.2 ;
    %pop/vec4 1;
    %jmp T_0;
    .thread T_0, $push;
    .scope S_0x556f932107d0;
T_1 ;
    %wait E_0x556f9321f640;
    %load/vec4 v0x556f93256c00_0;
    %inv;
    %flag_set/vec4 8;
    %jmp/0xz  T_1.0, 8;
    %pushi/vec4 0, 0, 32;
    %assign/vec4 v0x556f93257620_0, 0;
    %pushi/vec4 0, 0, 1;
    %assign/vec4 v0x556f93257700_0, 0;
    %jmp T_1.1;
T_1.0 ;
    %load/vec4 v0x556f93256cc0_0;
    %flag_set/vec4 8;
    %jmp/0xz  T_1.2, 8;
    %load/vec4 v0x556f93256070_0;
    %assign/vec4 v0x556f93257620_0, 0;
    %pushi/vec4 1, 0, 1;
    %assign/vec4 v0x556f93257700_0, 0;
    %jmp T_1.3;
T_1.2 ;
    %pushi/vec4 0, 0, 32;
    %assign/vec4 v0x556f93257620_0, 0;
    %pushi/vec4 0, 0, 1;
    %assign/vec4 v0x556f93257700_0, 0;
T_1.3 ;
T_1.1 ;
    %jmp T_1;
    .thread T_1;
# The file index is used to find the file name in the following table.
:file_names 3;
    "N/A";
    "<interactive>";
    "fpu.v";
