TESTING: /home/rsaigal/Documents/2026spring/cs3220-labs-sp2026-roshan/lab1/test/part2/addi.mem
Passed!
TESTING: /home/rsaigal/Documents/2026spring/cs3220-labs-sp2026-roshan/lab1/test/part2/add.mem
Passed!
TESTING: /home/rsaigal/Documents/2026spring/cs3220-labs-sp2026-roshan/lab1/test/part2/auipc.mem
Passed!
TESTING: /home/rsaigal/Documents/2026spring/cs3220-labs-sp2026-roshan/lab1/test/part2/beq.mem
Passed!
TESTING: /home/rsaigal/Documents/2026spring/cs3220-labs-sp2026-roshan/lab1/test/part2/bge.mem
Passed!
TESTING: /home/rsaigal/Documents/2026spring/cs3220-labs-sp2026-roshan/lab1/test/part2/jal.mem
Passed!
TESTING: /home/rsaigal/Documents/2026spring/cs3220-labs-sp2026-roshan/lab1/test/part2/jalr.mem
Passed!
TESTING: /home/rsaigal/Documents/2026spring/cs3220-labs-sp2026-roshan/lab1/test/part2/test7.mem
Passed!
TESTING: /home/rsaigal/Documents/2026spring/cs3220-labs-sp2026-roshan/lab1/test/part2/test8.mem
Passed!
TESTING: /home/rsaigal/Documents/2026spring/cs3220-labs-sp2026-roshan/lab1/test/part2/test9.mem
Passed!
